
          -------------------------------------------------------
          Amber 18 SANDER                              2018
          -------------------------------------------------------

| Run on 02/03/2026 at 11:44:20

|   Executable path: sander
| Working directory: /home/z40145w/tBu_amber
|          Hostname: fx0466

  [-O]verwriting output

File Assignments:
|  MDIN: FF_calc.in                                                            
| MDOUT: tBu_BTBT_C9.out                                                       
|INPCRD: tBu_BTBT_C9.inpcrd                                                    
|  PARM: tBu_BTBT_C9.prmtop                                                    
|RESTRT: min.rst                                                               
|  REFC: tBu_BTBT_C9.inpcrd                                                    
| MDVEL: mdvel                                                                 
| MDFRC: mdfrc                                                                 
|  MDEN: mden                                                                  
| MDCRD: mdcrd                                                                 
|MDINFO: mdinfo                                                                
|  MTMD: mtmd                                                                  
|INPDIP: inpdip                                                                
|RSTDIP: rstdip                                                                
|INPTRA: inptraj                                                               

 
 Here is the input file:
 
Simple energy evaluation                                                       
&cntrl                                                                         
  imin=1,       ! Do minimization mode (needed to evaluate energy)             
  maxcyc=0,     ! Do zero steps = evaluate energy only                         
  ntb=0,        ! No periodic boundary conditions                              
  cut=999.0,    ! No nonbonded cutoff (optional: set to 10.0 if needed)        
/                                                                              

--------------------------------------------------------------------------------
   1.  RESOURCE   USE: 
--------------------------------------------------------------------------------

| Flags:                                                                        
|    NONPERIODIC   ntb=0 and igb=0: Setting up nonperiodic simulation
|  *** cutoff > system size, list only builds once
|Largest sphere to fit in unit cell has radius =    32.177
| New format PARM file being parsed.
| Version =    1.000 Date = 02/03/26 Time = 11:44:20
 NATOM  =      63 NTYPES =       5 NBONH =      34 MBONA  =      32
 NTHETH =      76 MTHETA =      46 NPHIH =     124 MPHIA  =      81
 NHPARM =       0 NPARM  =       0 NNB   =     354 NRES   =       1
 NBONA  =      32 NTHETA =      46 NPHIA =      81 NUMBND =      11
 NUMANG =      19 NPTRA  =      13 NATYP =       7 NPHB   =       0
 IFBOX  =       0 NMXRS  =      63 IFCAP =       0 NEXTRA =       0
 NCOPY  =       0


|     Memory Use     Allocated
|     Real                9462
|     Hollerith            192
|     Integer            31946
|     Max Pairs           1953
|     nblistReal           756
|     nblist Int       1189835
|       Total             4860 kbytes

| Note: 1-4 EEL scale factors are being read from the topology file.

| Note: 1-4 VDW scale factors are being read from the topology file.
| Duplicated    0 dihedrals
| Duplicated    0 dihedrals

--------------------------------------------------------------------------------
   2.  CONTROL  DATA  FOR  THE  RUN
--------------------------------------------------------------------------------

MOL                                                                             

General flags:
     imin    =       1, nmropt  =       0

Nature and format of input:
     ntx     =       1, irest   =       0, ntrx    =       1

Nature and format of output:
     ntxo    =       2, ntpr    =      50, ntrx    =       1, ntwr    =       1
     iwrap   =       0, ntwx    =       0, ntwv    =       0, ntwe    =       0
     ioutfm  =       1, ntwprt  =       0, idecomp =       0, rbornstat=      0

Potential function:
     ntf     =       1, ntb     =       0, igb     =       0, nsnb    =      25
     ipol    =       0, gbsa    =       0, iesp    =       0
     dielc   =   1.00000, cut     = 999.00000, intdiel =   1.00000

Frozen or restrained atoms:
     ibelly  =       0, ntr     =       0

Energy minimization:
     maxcyc  =       0, ncyc    =      10, ntmin   =       1
     dx0     =   0.01000, drms    =   0.00010
|  INFO: Old style inpcrd file read


--------------------------------------------------------------------------------
   3.  ATOMIC COORDINATES AND VELOCITIES
--------------------------------------------------------------------------------

MOL                                                                             
 begin time read from input coords =     0.000 ps

 Number of triangulated 3-point waters found:        0

     Sum of charges from parm topology file =   0.00000100
     Forcing neutrality...

--------------------------------------------------------------------------------
   4.  RESULTS
--------------------------------------------------------------------------------

 ---------------------------------------------------

     eedmeth=4: Setting switch to one everywhere

 ---------------------------------------------------
| Local SIZE OF NONBOND LIST =       1602
| TOTAL SIZE OF NONBOND LIST =       1602


   NSTEP       ENERGY          RMS            GMAX         NAME    NUMBER
      1       4.4955E+01     1.2539E+01     4.9181E+01     C10        12

 BOND    =        2.4742  ANGLE   =       20.6578  DIHED      =        2.5145
 VDWAALS =        6.7292  EEL     =      -27.9959  HBOND      =        0.0000
 1-4 VDW =       13.8917  1-4 EEL =       26.6839  RESTRAINT  =        0.0000


  Maximum number of minimization cycles reached.


                    FINAL RESULTS



   NSTEP       ENERGY          RMS            GMAX         NAME    NUMBER
      1       4.4955E+01     1.2539E+01     4.9181E+01     C10        12

 BOND    =        2.4742  ANGLE   =       20.6578  DIHED      =        2.5145
 VDWAALS =        6.7292  EEL     =      -27.9959  HBOND      =        0.0000
 1-4 VDW =       13.8917  1-4 EEL =       26.6839  RESTRAINT  =        0.0000

--------------------------------------------------------------------------------
   5.  TIMINGS
--------------------------------------------------------------------------------

|    Read coords time           0.00 (11.69% of Total)
|    Fast Water setup           0.00 ( 0.02% of Total)
|                Build the list             0.00 (95.68% of List )
|                Other                      0.00 ( 4.32% of List )
|             List time                  0.00 (52.55% of Nonbo)
|                   Short_ene time             0.00 (98.73% of Direc)
|                   Other                      0.00 ( 1.27% of Direc)
|                Direct Ewald time          0.00 (92.08% of Ewald)
|                Virial junk                0.00 ( 0.30% of Ewald)
|                Start synchronizatio       0.00 ( 0.30% of Ewald)
|                Other                      0.00 ( 7.32% of Ewald)
|             Ewald time                 0.00 (47.10% of Nonbo)
|             IPS excludes               0.00 ( 0.15% of Nonbo)
|             Other                      0.00 ( 0.21% of Nonbo)
|          Nonbond force              0.00 (50.72% of Force)
|          Bond/Angle/Dihedral        0.00 (47.85% of Force)
|          Other                      0.00 ( 1.44% of Force)
|       Force time                 0.00 (100.0% of Runmd)
|    Runmd Time                 0.00 ( 8.20% of Total)
|    Other                      0.03 (80.09% of Total)
| Total time                 0.03 (99.85% of ALL  )

| Number of list builds   :          1

| Highest rstack allocated:        275
| Highest istack allocated:         55
|           Job began  at 11:44:20.683  on 02/03/2026
|           Setup done at 11:44:20.707  on 02/03/2026
|           Run   done at 11:44:20.718  on 02/03/2026
|     wallclock() was called      58 times

|3D-RISM memory allocation summary
|Type          Maximum        Current   
|Integer       0.00000 GB     0.00000 GB
|Real          0.00000 GB     0.00000 GB
|Logical       0.00000 GB     0.00000 GB
|Character     0.00000 GB     0.00000 GB
|---------------------------------------
|Total         0.00000 GB     0.00000 GB
